<?xml version="1.0" encoding="UTF-8"?>
<!-- Generated by org.testng.reporters.JUnitXMLReporter -->
<testsuite ignored="4" hostname="LAPTOP-PC09EOP8" failures="0" tests="1" name="Default test" time="12.212" errors="0" timestamp="2026-02-27T10:24:11 ICT">
  <testcase classname="assmktnc.LoginTest" name="TC05_EmptyPassword" time="0.738"/>
  <testcase classname="assmktnc.LoginTest" name="TC01_LoginSuccess" time="0.0">
    <ignored/>
  </testcase> <!-- TC01_LoginSuccess -->
  <testcase classname="assmktnc.LoginTest" name="TC03_WrongUsername" time="0.0">
    <ignored/>
  </testcase> <!-- TC03_WrongUsername -->
  <testcase classname="assmktnc.LoginTest" name="TC02_WrongPassword" time="0.0">
    <ignored/>
  </testcase> <!-- TC02_WrongPassword -->
  <testcase classname="assmktnc.LoginTest" name="TC04_EmptyLogin" time="0.0">
    <ignored/>
  </testcase> <!-- TC04_EmptyLogin -->
</testsuite> <!-- Default test -->
