<?xml version="1.0" encoding="UTF-8"?>
<testng-results ignored="0" total="5" passed="3" failed="2" skipped="0">
  <reporter-output>
  </reporter-output>
  <suite started-at="2026-02-26T16:05:58 ICT" name="Default suite" finished-at="2026-02-26T16:07:07 ICT" duration-ms="69100">
    <groups>
    </groups>
    <test started-at="2026-02-26T16:05:58 ICT" name="Default test" finished-at="2026-02-26T16:07:07 ICT" duration-ms="69100">
      <class name="assmktnc.LoginTest">
        <test-method is-config="true" signature="setup()[pri:0, instance:assmktnc.LoginTest@31304f14]" started-at="2026-02-26T16:05:58 ICT" name="setup" finished-at="2026-02-26T16:06:03 ICT" duration-ms="5659" status="PASS">
          <reporter-output>
          </reporter-output>
        </test-method> <!-- setup -->
        <test-method signature="TC01_ValidPhone()[pri:1, instance:assmktnc.LoginTest@31304f14]" started-at="2026-02-26T16:06:03 ICT" name="TC01_ValidPhone" description="TC01 – Nhập SĐT hợp lệ" finished-at="2026-02-26T16:06:13 ICT" duration-ms="9662" status="PASS">
          <reporter-output>
          </reporter-output>
        </test-method> <!-- TC01_ValidPhone -->
        <test-method is-config="true" signature="tearDown()[pri:0, instance:assmktnc.LoginTest@31304f14]" started-at="2026-02-26T16:06:13 ICT" name="tearDown" finished-at="2026-02-26T16:06:13 ICT" duration-ms="193" status="PASS">
          <reporter-output>
          </reporter-output>
        </test-method> <!-- tearDown -->
        <test-method is-config="true" signature="setup()[pri:0, instance:assmktnc.LoginTest@31304f14]" started-at="2026-02-26T16:06:13 ICT" name="setup" finished-at="2026-02-26T16:06:18 ICT" duration-ms="4424" status="PASS">
          <reporter-output>
          </reporter-output>
        </test-method> <!-- setup -->
        <test-method signature="TC02_InvalidPhoneShort()[pri:2, instance:assmktnc.LoginTest@31304f14]" started-at="2026-02-26T16:06:18 ICT" name="TC02_InvalidPhoneShort" description="TC02 - SĐT ít hơn 10 số" finished-at="2026-02-26T16:06:21 ICT" duration-ms="3817" status="PASS">
          <reporter-output>
          </reporter-output>
        </test-method> <!-- TC02_InvalidPhoneShort -->
        <test-method is-config="true" signature="tearDown()[pri:0, instance:assmktnc.LoginTest@31304f14]" started-at="2026-02-26T16:06:21 ICT" name="tearDown" finished-at="2026-02-26T16:06:22 ICT" duration-ms="156" status="PASS">
          <reporter-output>
          </reporter-output>
        </test-method> <!-- tearDown -->
        <test-method is-config="true" signature="setup()[pri:0, instance:assmktnc.LoginTest@31304f14]" started-at="2026-02-26T16:06:22 ICT" name="setup" finished-at="2026-02-26T16:06:27 ICT" duration-ms="5185" status="PASS">
          <reporter-output>
          </reporter-output>
        </test-method> <!-- setup -->
        <test-method signature="TC03_PhoneWithLetters()[pri:3, instance:assmktnc.LoginTest@31304f14]" started-at="2026-02-26T16:06:27 ICT" name="TC03_PhoneWithLetters" description="TC03 – SĐT chứa chữ cái" finished-at="2026-02-26T16:06:31 ICT" duration-ms="4071" status="PASS">
          <reporter-output>
          </reporter-output>
        </test-method> <!-- TC03_PhoneWithLetters -->
        <test-method is-config="true" signature="tearDown()[pri:0, instance:assmktnc.LoginTest@31304f14]" started-at="2026-02-26T16:06:31 ICT" name="tearDown" finished-at="2026-02-26T16:06:31 ICT" duration-ms="158" status="PASS">
          <reporter-output>
          </reporter-output>
        </test-method> <!-- tearDown -->
        <test-method is-config="true" signature="setup()[pri:0, instance:assmktnc.LoginTest@31304f14]" started-at="2026-02-26T16:06:31 ICT" name="setup" finished-at="2026-02-26T16:06:33 ICT" duration-ms="2230" status="PASS">
          <reporter-output>
          </reporter-output>
        </test-method> <!-- setup -->
        <test-method signature="TC04_EmptyPhone()[pri:4, instance:assmktnc.LoginTest@31304f14]" started-at="2026-02-26T16:06:33 ICT" name="TC04_EmptyPhone" description="TC04 - SĐT để trống" finished-at="2026-02-26T16:06:49 ICT" duration-ms="15393" status="FAIL">
          <exception class="org.openqa.selenium.TimeoutException">
            <message>
              <![CDATA[Expected condition failed: waiting for visibility of element located by By.id: txtPhoneNumber (tried for 15 second(s) with 500 milliseconds interval)]]>
            </message>
            <full-stacktrace>
              <![CDATA[org.openqa.selenium.TimeoutException: Expected condition failed: waiting for visibility of element located by By.id: txtPhoneNumber (tried for 15 second(s) with 500 milliseconds interval)
at org.openqa.selenium.support.ui.WebDriverWait.timeoutException(WebDriverWait.java:84)
at org.openqa.selenium.support.ui.FluentWait.until(FluentWait.java:228)
at assmktnc.LoginTest.submitPhone(LoginTest.java:77)
at assmktnc.LoginTest.TC04_EmptyPhone(LoginTest.java:64)
at java.base/jdk.internal.reflect.DirectMethodHandleAccessor.invoke(DirectMethodHandleAccessor.java:103)
at java.base/java.lang.reflect.Method.invoke(Method.java:580)
at org.testng.internal.invokers.MethodInvocationHelper.invokeMethod(MethodInvocationHelper.java:139)
at org.testng.internal.invokers.TestInvoker.invokeMethod(TestInvoker.java:664)
at org.testng.internal.invokers.TestInvoker.invokeTestMethod(TestInvoker.java:228)
at org.testng.internal.invokers.MethodRunner.runInSequence(MethodRunner.java:63)
at org.testng.internal.invokers.TestInvoker$MethodInvocationAgent.invoke(TestInvoker.java:961)
at org.testng.internal.invokers.TestInvoker.invokeTestMethods(TestInvoker.java:201)
at org.testng.internal.invokers.TestMethodWorker.invokeTestMethods(TestMethodWorker.java:148)
at org.testng.internal.invokers.TestMethodWorker.run(TestMethodWorker.java:128)
at java.base/java.util.ArrayList.forEach(ArrayList.java:1596)
at org.testng.TestRunner.privateRun(TestRunner.java:819)
at org.testng.TestRunner.run(TestRunner.java:619)
at org.testng.SuiteRunner.runTest(SuiteRunner.java:443)
at org.testng.SuiteRunner.runSequentially(SuiteRunner.java:437)
at org.testng.SuiteRunner.privateRun(SuiteRunner.java:397)
at org.testng.SuiteRunner.run(SuiteRunner.java:336)
at org.testng.SuiteRunnerWorker.runSuite(SuiteRunnerWorker.java:52)
at org.testng.SuiteRunnerWorker.run(SuiteRunnerWorker.java:95)
at org.testng.TestNG.runSuitesSequentially(TestNG.java:1301)
at org.testng.TestNG.runSuitesLocally(TestNG.java:1228)
at org.testng.TestNG.runSuites(TestNG.java:1134)
at org.testng.TestNG.run(TestNG.java:1101)
at org.testng.remote.AbstractRemoteTestNG.run(AbstractRemoteTestNG.java:115)
at org.testng.remote.RemoteTestNG.initAndRun(RemoteTestNG.java:293)
at org.testng.remote.RemoteTestNG.main(RemoteTestNG.java:91)
Caused by: org.openqa.selenium.NoSuchWindowException: no such window: target window already closed
from unknown error: web view not found
  (Session info: chrome=145.0.7632.117)
Build info: version: '4.18.1', revision: 'b1d3319b48'
System info: os.name: 'Windows 11', os.arch: 'amd64', os.version: '10.0', java.version: '21.0.8'
Driver info: org.openqa.selenium.chrome.ChromeDriver
Command: [298bdd4950f4bc531f3aa41c85efb9e2, findElement {value=txtPhoneNumber, using=id}]
Capabilities {acceptInsecureCerts: false, browserName: chrome, browserVersion: 145.0.7632.117, chrome: {chromedriverVersion: 145.0.7632.117 (de4e5d6e13b..., userDataDir: C:\Users\admin\AppData\Loca...}, fedcm:accounts: true, goog:chromeOptions: {debuggerAddress: localhost:60555}, goog:processID: 3256, networkConnectionEnabled: false, pageLoadStrategy: normal, platformName: windows, proxy: Proxy(), se:cdp: ws://localhost:60555/devtoo..., se:cdpVersion: 145.0.7632.117, setWindowRect: true, strictFileInteractability: false, timeouts: {implicit: 0, pageLoad: 300000, script: 30000}, unhandledPromptBehavior: dismiss and notify, webauthn:extension:credBlob: true, webauthn:extension:largeBlob: true, webauthn:extension:minPinLength: true, webauthn:extension:prf: true, webauthn:virtualAuthenticators: true}
Session ID: 298bdd4950f4bc531f3aa41c85efb9e2
at java.base/jdk.internal.reflect.DirectConstructorHandleAccessor.newInstance(DirectConstructorHandleAccessor.java:62)
at java.base/java.lang.reflect.Constructor.newInstanceWithCaller(Constructor.java:502)
at java.base/java.lang.reflect.Constructor.newInstance(Constructor.java:486)
at org.openqa.selenium.remote.ErrorCodec.decode(ErrorCodec.java:167)
at org.openqa.selenium.remote.codec.w3c.W3CHttpResponseCodec.decode(W3CHttpResponseCodec.java:138)
at org.openqa.selenium.remote.codec.w3c.W3CHttpResponseCodec.decode(W3CHttpResponseCodec.java:50)
at org.openqa.selenium.remote.HttpCommandExecutor.execute(HttpCommandExecutor.java:190)
at org.openqa.selenium.remote.service.DriverCommandExecutor.invokeExecute(DriverCommandExecutor.java:216)
at org.openqa.selenium.remote.service.DriverCommandExecutor.execute(DriverCommandExecutor.java:174)
at org.openqa.selenium.remote.RemoteWebDriver.execute(RemoteWebDriver.java:519)
at org.openqa.selenium.remote.ElementLocation$ElementFinder$2.findElement(ElementLocation.java:165)
at org.openqa.selenium.remote.ElementLocation.findElement(ElementLocation.java:66)
at org.openqa.selenium.remote.RemoteWebDriver.findElement(RemoteWebDriver.java:356)
at org.openqa.selenium.remote.RemoteWebDriver.findElement(RemoteWebDriver.java:350)
at org.openqa.selenium.support.ui.ExpectedConditions$7.apply(ExpectedConditions.java:194)
at org.openqa.selenium.support.ui.ExpectedConditions$7.apply(ExpectedConditions.java:190)
at org.openqa.selenium.support.ui.FluentWait.until(FluentWait.java:203)
... 28 more
]]>
            </full-stacktrace>
          </exception> <!-- org.openqa.selenium.TimeoutException -->
          <reporter-output>
          </reporter-output>
        </test-method> <!-- TC04_EmptyPhone -->
        <test-method is-config="true" signature="tearDown()[pri:0, instance:assmktnc.LoginTest@31304f14]" started-at="2026-02-26T16:06:49 ICT" name="tearDown" finished-at="2026-02-26T16:06:49 ICT" duration-ms="102" status="PASS">
          <reporter-output>
          </reporter-output>
        </test-method> <!-- tearDown -->
        <test-method is-config="true" signature="setup()[pri:0, instance:assmktnc.LoginTest@31304f14]" started-at="2026-02-26T16:06:49 ICT" name="setup" finished-at="2026-02-26T16:06:51 ICT" duration-ms="2581" status="PASS">
          <reporter-output>
          </reporter-output>
        </test-method> <!-- setup -->
        <test-method signature="TC05_SpecialChars()[pri:5, instance:assmktnc.LoginTest@31304f14]" started-at="2026-02-26T16:06:51 ICT" name="TC05_SpecialChars" description="TC05 – SĐT ký tự đặc biệt" finished-at="2026-02-26T16:07:07 ICT" duration-ms="15364" status="FAIL">
          <exception class="org.openqa.selenium.TimeoutException">
            <message>
              <![CDATA[Expected condition failed: waiting for visibility of element located by By.id: txtPhoneNumber (tried for 15 second(s) with 500 milliseconds interval)]]>
            </message>
            <full-stacktrace>
              <![CDATA[org.openqa.selenium.TimeoutException: Expected condition failed: waiting for visibility of element located by By.id: txtPhoneNumber (tried for 15 second(s) with 500 milliseconds interval)
at org.openqa.selenium.support.ui.WebDriverWait.timeoutException(WebDriverWait.java:84)
at org.openqa.selenium.support.ui.FluentWait.until(FluentWait.java:228)
at assmktnc.LoginTest.submitPhone(LoginTest.java:77)
at assmktnc.LoginTest.TC05_SpecialChars(LoginTest.java:70)
at java.base/jdk.internal.reflect.DirectMethodHandleAccessor.invoke(DirectMethodHandleAccessor.java:103)
at java.base/java.lang.reflect.Method.invoke(Method.java:580)
at org.testng.internal.invokers.MethodInvocationHelper.invokeMethod(MethodInvocationHelper.java:139)
at org.testng.internal.invokers.TestInvoker.invokeMethod(TestInvoker.java:664)
at org.testng.internal.invokers.TestInvoker.invokeTestMethod(TestInvoker.java:228)
at org.testng.internal.invokers.MethodRunner.runInSequence(MethodRunner.java:63)
at org.testng.internal.invokers.TestInvoker$MethodInvocationAgent.invoke(TestInvoker.java:961)
at org.testng.internal.invokers.TestInvoker.invokeTestMethods(TestInvoker.java:201)
at org.testng.internal.invokers.TestMethodWorker.invokeTestMethods(TestMethodWorker.java:148)
at org.testng.internal.invokers.TestMethodWorker.run(TestMethodWorker.java:128)
at java.base/java.util.ArrayList.forEach(ArrayList.java:1596)
at org.testng.TestRunner.privateRun(TestRunner.java:819)
at org.testng.TestRunner.run(TestRunner.java:619)
at org.testng.SuiteRunner.runTest(SuiteRunner.java:443)
at org.testng.SuiteRunner.runSequentially(SuiteRunner.java:437)
at org.testng.SuiteRunner.privateRun(SuiteRunner.java:397)
at org.testng.SuiteRunner.run(SuiteRunner.java:336)
at org.testng.SuiteRunnerWorker.runSuite(SuiteRunnerWorker.java:52)
at org.testng.SuiteRunnerWorker.run(SuiteRunnerWorker.java:95)
at org.testng.TestNG.runSuitesSequentially(TestNG.java:1301)
at org.testng.TestNG.runSuitesLocally(TestNG.java:1228)
at org.testng.TestNG.runSuites(TestNG.java:1134)
at org.testng.TestNG.run(TestNG.java:1101)
at org.testng.remote.AbstractRemoteTestNG.run(AbstractRemoteTestNG.java:115)
at org.testng.remote.RemoteTestNG.initAndRun(RemoteTestNG.java:293)
at org.testng.remote.RemoteTestNG.main(RemoteTestNG.java:91)
Caused by: org.openqa.selenium.NoSuchWindowException: no such window: target window already closed
from unknown error: web view not found
  (Session info: chrome=145.0.7632.117)
Build info: version: '4.18.1', revision: 'b1d3319b48'
System info: os.name: 'Windows 11', os.arch: 'amd64', os.version: '10.0', java.version: '21.0.8'
Driver info: org.openqa.selenium.chrome.ChromeDriver
Command: [367452f7fe3d357d111dde1b676e1f47, findElement {value=txtPhoneNumber, using=id}]
Capabilities {acceptInsecureCerts: false, browserName: chrome, browserVersion: 145.0.7632.117, chrome: {chromedriverVersion: 145.0.7632.117 (de4e5d6e13b..., userDataDir: C:\Users\admin\AppData\Loca...}, fedcm:accounts: true, goog:chromeOptions: {debuggerAddress: localhost:61003}, goog:processID: 30552, networkConnectionEnabled: false, pageLoadStrategy: normal, platformName: windows, proxy: Proxy(), se:cdp: ws://localhost:61003/devtoo..., se:cdpVersion: 145.0.7632.117, setWindowRect: true, strictFileInteractability: false, timeouts: {implicit: 0, pageLoad: 300000, script: 30000}, unhandledPromptBehavior: dismiss and notify, webauthn:extension:credBlob: true, webauthn:extension:largeBlob: true, webauthn:extension:minPinLength: true, webauthn:extension:prf: true, webauthn:virtualAuthenticators: true}
Session ID: 367452f7fe3d357d111dde1b676e1f47
at java.base/jdk.internal.reflect.DirectConstructorHandleAccessor.newInstance(DirectConstructorHandleAccessor.java:62)
at java.base/java.lang.reflect.Constructor.newInstanceWithCaller(Constructor.java:502)
at java.base/java.lang.reflect.Constructor.newInstance(Constructor.java:486)
at org.openqa.selenium.remote.ErrorCodec.decode(ErrorCodec.java:167)
at org.openqa.selenium.remote.codec.w3c.W3CHttpResponseCodec.decode(W3CHttpResponseCodec.java:138)
at org.openqa.selenium.remote.codec.w3c.W3CHttpResponseCodec.decode(W3CHttpResponseCodec.java:50)
at org.openqa.selenium.remote.HttpCommandExecutor.execute(HttpCommandExecutor.java:190)
at org.openqa.selenium.remote.service.DriverCommandExecutor.invokeExecute(DriverCommandExecutor.java:216)
at org.openqa.selenium.remote.service.DriverCommandExecutor.execute(DriverCommandExecutor.java:174)
at org.openqa.selenium.remote.RemoteWebDriver.execute(RemoteWebDriver.java:519)
at org.openqa.selenium.remote.ElementLocation$ElementFinder$2.findElement(ElementLocation.java:165)
at org.openqa.selenium.remote.ElementLocation.findElement(ElementLocation.java:66)
at org.openqa.selenium.remote.RemoteWebDriver.findElement(RemoteWebDriver.java:356)
at org.openqa.selenium.remote.RemoteWebDriver.findElement(RemoteWebDriver.java:350)
at org.openqa.selenium.support.ui.ExpectedConditions$7.apply(ExpectedConditions.java:194)
at org.openqa.selenium.support.ui.ExpectedConditions$7.apply(ExpectedConditions.java:190)
at org.openqa.selenium.support.ui.FluentWait.until(FluentWait.java:203)
... 28 more
]]>
            </full-stacktrace>
          </exception> <!-- org.openqa.selenium.TimeoutException -->
          <reporter-output>
          </reporter-output>
        </test-method> <!-- TC05_SpecialChars -->
        <test-method is-config="true" signature="tearDown()[pri:0, instance:assmktnc.LoginTest@31304f14]" started-at="2026-02-26T16:07:07 ICT" name="tearDown" finished-at="2026-02-26T16:07:07 ICT" duration-ms="59" status="PASS">
          <reporter-output>
          </reporter-output>
        </test-method> <!-- tearDown -->
      </class> <!-- assmktnc.LoginTest -->
    </test> <!-- Default test -->
  </suite> <!-- Default suite -->
</testng-results>
