<?xml version="1.0" encoding="UTF-8"?>
<testng-results ignored="0" total="1" passed="1" failed="0" skipped="0">
  <reporter-output>
  </reporter-output>
  <suite started-at="2026-02-27T10:23:59 ICT" name="Default suite" finished-at="2026-02-27T10:24:11 ICT" duration-ms="12212">
    <groups>
    </groups>
    <test started-at="2026-02-27T10:23:59 ICT" name="Default test" finished-at="2026-02-27T10:24:11 ICT" duration-ms="12212">
      <class name="assmktnc.LoginTest">
        <test-method is-config="true" signature="setup()[pri:0, instance:assmktnc.LoginTest@7cc0cdad]" started-at="2026-02-27T10:23:59 ICT" name="setup" finished-at="2026-02-27T10:24:10 ICT" duration-ms="11324" status="PASS">
          <reporter-output>
          </reporter-output>
        </test-method> <!-- setup -->
        <test-method signature="TC05_EmptyPassword()[pri:5, instance:assmktnc.LoginTest@7cc0cdad]" started-at="2026-02-27T10:24:10 ICT" name="TC05_EmptyPassword" description="TC05 - Nhập username đúng nhưng để trống password" finished-at="2026-02-27T10:24:11 ICT" duration-ms="738" status="PASS">
          <reporter-output>
          </reporter-output>
        </test-method> <!-- TC05_EmptyPassword -->
        <test-method is-config="true" signature="tearDown()[pri:0, instance:assmktnc.LoginTest@7cc0cdad]" started-at="2026-02-27T10:24:11 ICT" name="tearDown" finished-at="2026-02-27T10:24:11 ICT" duration-ms="117" status="PASS">
          <reporter-output>
          </reporter-output>
        </test-method> <!-- tearDown -->
      </class> <!-- assmktnc.LoginTest -->
    </test> <!-- Default test -->
  </suite> <!-- Default suite -->
</testng-results>
